1958:APP_OPEN:startTime=1769560501467
4315:GENERAL_SHOW_PERSPECTIVE:perspective=org.jkiss.dbeaver.core.perspective
4315:GENERAL_VIEW_OPEN:view=org.jkiss.dbeaver.core.databaseNavigator
4831:SQL_EDITOR_OPEN:driver=mysql:mysql8
5059:CONNECTION_OPEN:driver=mysql:mysql8&origin=local
1022805:ENTITY_EDITOR_OPEN:driver=mysql:mysql8&className=MySQLTable
1022995:DATA_EDIT_OPEN:objectType=MySQLTable
1274666:ENTITY_EDITOR_OPEN:driver=mysql:mysql8&className=MySQLCatalog
1298023:ENTITY_EDITOR_OPEN:driver=mysql:mysql8&className=MySQLTable
1298080:DATA_EDIT_OPEN:objectType=MySQLTable
1378685:GENERAL_VIEW_OPEN:view=org.eclipse.ui.views.PropertySheet
6315432:SQL_EDITOR_OPEN:driver=mysql:mysql8
6348349:ENTITY_EDITOR_OPEN:driver=mysql:mysql8&className=MySQLCatalog
6354061:ENTITY_EDITOR_OPEN:driver=mysql:mysql8&className=MySQLTable
6354131:DATA_EDIT_OPEN:objectType=MySQLTable
6362308:ENTITY_EDITOR_OPEN:driver=mysql:mysql8&className=MySQLTable
6365020:DATA_EDIT_OPEN:objectType=MySQLTable
6382161:SQL_SCRIPT_NEW
6382366:SQL_EDITOR_OPEN:driver=mysql:mysql8
6406504:SQL_EDITOR_EXECUTE_QUERY
6423696:SQL_EDITOR_EXECUTE_QUERY
7876226:SQL_EDITOR_EXECUTE_QUERY
7901764:SQL_EDITOR_EXECUTE_QUERY
7906176:SQL_EDITOR_EXECUTE_QUERY
7975515:SQL_EDITOR_EXECUTE_QUERY
