#
# There is insufficient memory for the Java Runtime Environment to continue.
# Native memory allocation (mmap) failed to map 266338304 bytes for G1 virtual space
# Possible reasons:
#   The system is out of physical RAM or swap space
#   The process is running with CompressedOops enabled, and the Java Heap may be blocking the growth of the native heap
# Possible solutions:
#   Reduce memory load on the system
#   Increase physical memory or swap space
#   Check if swap backing store is full
#   Decrease Java heap size (-Xmx/-Xms)
#   Decrease number of Java threads
#   Decrease Java thread stack sizes (-Xss)
#   Set larger code cache with -XX:ReservedCodeCacheSize=
#   JVM is running with Zero Based Compressed Oops mode in which the Java heap is
#     placed in the first 32GB address space. The Java Heap base address is the
#     maximum limit for the native heap growth. Please use -XX:HeapBaseMinAddress
#     to set the Java Heap base and to place the Java Heap above 32GB virtual address.
# This output file may be truncated or incomplete.
#
#  Out of Memory Error (os_windows.cpp:3603), pid=9404, tid=5012
#
# JRE version:  (21.0.9+7) (build )
# Java VM: Java HotSpot(TM) 64-Bit Server VM (21.0.9+7-LTS-338, mixed mode, sharing, tiered, compressed oops, compressed class ptrs, g1 gc, windows-amd64)
# No core dump will be written. Minidumps are not enabled by default on client versions of Windows
#

---------------  S U M M A R Y ------------

Command Line: -Dfile.encoding=UTF-8 -Dstdout.encoding=UTF-8 -Dstderr.encoding=UTF-8 -XX:+ShowCodeDetailsInExceptionMessages kr.co.koreait.Ex05_for

Host: 11th Gen Intel(R) Core(TM) i7-11700 @ 2.50GHz, 16 cores, 15G,  Windows 11 , 64 bit Build 26100 (10.0.26100.7623)
Time: Wed Jan 28 09:57:29 2026 elapsed time: 2.028477 seconds (0d 0h 0m 2s)

---------------  T H R E A D  ---------------

Current thread (0x00000224d15f9010):  JavaThread "Unknown thread" [_thread_in_vm, id=5012, stack(0x00000094a9000000,0x00000094a9100000) (1024K)]

Stack: [0x00000094a9000000,0x00000094a9100000]
Native frames: (J=compiled Java code, j=interpreted, Vv=VM code, C=native code)
V  [jvm.dll+0x6cbf89]
V  [jvm.dll+0x858421]
V  [jvm.dll+0x85a94e]
V  [jvm.dll+0x85b023]
V  [jvm.dll+0x27ebc6]
V  [jvm.dll+0x6c8705]
V  [jvm.dll+0x6bd26a]
V  [jvm.dll+0x354a0a]
V  [jvm.dll+0x35c686]
V  [jvm.dll+0x3af79e]
V  [jvm.dll+0x3afa48]
V  [jvm.dll+0x328d1c]
V  [jvm.dll+0x32987b]
V  [jvm.dll+0x821739]
V  [jvm.dll+0x3bc481]
V  [jvm.dll+0x80a9b8]
V  [jvm.dll+0x45166e]
V  [jvm.dll+0x453261]
C  [jli.dll+0x52a3]
C  [ucrtbase.dll+0x37b0]
C  [KERNEL32.DLL+0x2e8d7]
C  [ntdll.dll+0x8c53c]


---------------  P R O C E S S  ---------------

Threads class SMR info:
_java_thread_list=0x00007ffd4065fc08, length=0, elements={
}

Java Threads: ( => current thread )
Total: 0

Other Threads:
  0x00000224d165b900 WorkerThread "GC Thread#0"                     [id=1484, stack(0x00000094a9100000,0x00000094a9200000) (1024K)]
  0x00000224d166c510 ConcurrentGCThread "G1 Main Marker"            [id=9960, stack(0x00000094a9200000,0x00000094a9300000) (1024K)]
  0x00000224d166ddb0 WorkerThread "G1 Conc#0"                       [id=7396, stack(0x00000094a9300000,0x00000094a9400000) (1024K)]

[error occurred during error reporting (printing all threads), id 0xc0000005, EXCEPTION_ACCESS_VIOLATION (0xc0000005) at pc=0x00007ffd3fdcb4a7]
VM state: not at safepoint (not fully initialized)

VM Mutex/Monitor currently owned by a thread:  ([mutex/lock_event])
[0x00007ffd406d0ef0] Heap_lock - owner thread: 0x00000224d15f9010

Heap address: 0x0000000702e00000, size: 4050 MB, Compressed Oops mode: Zero based, Oop shift amount: 3

CDS archive(s) mapped at: [0x0000000000000000-0x0000000000000000-0x0000000000000000), size 0, SharedBaseAddress: 0x0000000800000000, ArchiveRelocationMode: 1.
Narrow klass base: 0x0000000000000000, Narrow klass shift: 0, Narrow klass range: 0x0

GC Precious Log:
 CardTable entry size: 512
 Card Set container configuration: InlinePtr #cards 4 size 8 Array Of Cards #cards 16 size 48 Howl #buckets 8 coarsen threshold 3686 Howl Bitmap #cards 512 size 80 coarsen threshold 460 Card regions per heap region 1 cards per card region 4096

Heap:
 garbage-first heap   total 0K, used 0K [0x0000000702e00000, 0x0000000800000000)
  region size 2048K, 0 young (0K), 0 survivors (0K)

[error occurred during error reporting (printing heap information), id 0xc0000005, EXCEPTION_ACCESS_VIOLATION (0xc0000005) at pc=0x00007ffd401b4ff9]
GC Heap History (0 events):
No events

Dll operation events (1 events):
Event: 0.004 Loaded shared library C:\Program Files\Java\jdk-21\bin\java.dll

Deoptimization events (0 events):
No events

Classes loaded (0 events):
No events

Classes unloaded (0 events):
No events

Classes redefined (0 events):
No events

Internal exceptions (0 events):
No events

ZGC Phase Switch (0 events):
No events

VM Operations (0 events):
No events

Events (0 events):
No events


Dynamic libraries:
0x00007ff782c10000 - 0x00007ff782c20000 	C:\Program Files\Java\jdk-21\bin\javaw.exe
0x00007ffdb4f40000 - 0x00007ffdb51a7000 	C:\WINDOWS\SYSTEM32\ntdll.dll
0x00007ffdb3890000 - 0x00007ffdb3959000 	C:\WINDOWS\System32\KERNEL32.DLL
0x00007ffdb28e0000 - 0x00007ffdb2ccf000 	C:\WINDOWS\System32\KERNELBASE.dll
0x00007ffdb2380000 - 0x00007ffdb24cb000 	C:\WINDOWS\System32\ucrtbase.dll
0x00007ffd9c8d0000 - 0x00007ffd9c8eb000 	C:\Program Files\Java\jdk-21\bin\VCRUNTIME140.dll
0x00007ffd9c620000 - 0x00007ffd9c639000 	C:\Program Files\Java\jdk-21\bin\jli.dll
0x00007ffdb48e0000 - 0x00007ffdb4994000 	C:\WINDOWS\System32\ADVAPI32.dll
0x00007ffdb3b40000 - 0x00007ffdb3be9000 	C:\WINDOWS\System32\msvcrt.dll
0x00007ffdb3000000 - 0x00007ffdb30a6000 	C:\WINDOWS\System32\sechost.dll
0x00007ffdb4a60000 - 0x00007ffdb4b78000 	C:\WINDOWS\System32\RPCRT4.dll
0x00007ffdb30b0000 - 0x00007ffdb3275000 	C:\WINDOWS\System32\USER32.dll
0x00007ffdb2350000 - 0x00007ffdb2377000 	C:\WINDOWS\System32\win32u.dll
0x00007ffd9cbd0000 - 0x00007ffd9ce63000 	C:\WINDOWS\WinSxS\amd64_microsoft.windows.common-controls_6595b64144ccf1df_6.0.26100.7309_none_3e05feeae336a044\COMCTL32.dll
0x00007ffdb2e50000 - 0x00007ffdb2e7b000 	C:\WINDOWS\System32\GDI32.dll
0x00007ffdb24d0000 - 0x00007ffdb25fc000 	C:\WINDOWS\System32\gdi32full.dll
0x00007ffdb26b0000 - 0x00007ffdb2753000 	C:\WINDOWS\System32\msvcp_win.dll
0x00007ffdabe00000 - 0x00007ffdabe0b000 	C:\WINDOWS\SYSTEM32\VERSION.dll
0x00007ffdb43f0000 - 0x00007ffdb4421000 	C:\WINDOWS\System32\IMM32.DLL
0x00007ffdad2d0000 - 0x00007ffdad2dc000 	C:\Program Files\Java\jdk-21\bin\vcruntime140_1.dll
0x00007ffd90b40000 - 0x00007ffd90bce000 	C:\Program Files\Java\jdk-21\bin\msvcp140.dll
0x00007ffd3fa90000 - 0x00007ffd407ad000 	C:\Program Files\Java\jdk-21\bin\server\jvm.dll
0x00007ffdb49e0000 - 0x00007ffdb4a54000 	C:\WINDOWS\System32\WS2_32.dll
0x00007ffdb1ef0000 - 0x00007ffdb1f4e000 	C:\WINDOWS\SYSTEM32\POWRPROF.dll
0x00007ffda7d60000 - 0x00007ffda7d95000 	C:\WINDOWS\SYSTEM32\WINMM.dll
0x00007ffdb1ed0000 - 0x00007ffdb1ee4000 	C:\WINDOWS\SYSTEM32\UMPDC.dll
0x00007ffdb0e40000 - 0x00007ffdb0e5b000 	C:\WINDOWS\SYSTEM32\kernel.appcore.dll
0x00007ffdad220000 - 0x00007ffdad22a000 	C:\Program Files\Java\jdk-21\bin\jimage.dll
0x00007ffda53f0000 - 0x00007ffda5632000 	C:\WINDOWS\SYSTEM32\DBGHELP.DLL
0x00007ffdb3410000 - 0x00007ffdb3796000 	C:\WINDOWS\System32\combase.dll
0x00007ffdb4b80000 - 0x00007ffdb4c56000 	C:\WINDOWS\System32\OLEAUT32.dll
0x00007ffda45c0000 - 0x00007ffda45fc000 	C:\WINDOWS\SYSTEM32\dbgcore.DLL
0x00007ffdb2600000 - 0x00007ffdb26a5000 	C:\WINDOWS\System32\bcryptPrimitives.dll
0x00007ffda51a0000 - 0x00007ffda51bf000 	C:\Program Files\Java\jdk-21\bin\java.dll

dbghelp: loaded successfully - version: 4.0.5 - missing functions: none
symbol engine: initialized successfully - sym options: 0x614 - pdb path: .;C:\Program Files\Java\jdk-21\bin;C:\WINDOWS\SYSTEM32;C:\WINDOWS\WinSxS\amd64_microsoft.windows.common-controls_6595b64144ccf1df_6.0.26100.7309_none_3e05feeae336a044;C:\Program Files\Java\jdk-21\bin\server

VM Arguments:
jvm_args: -Dfile.encoding=UTF-8 -Dstdout.encoding=UTF-8 -Dstderr.encoding=UTF-8 -XX:+ShowCodeDetailsInExceptionMessages 
java_command: kr.co.koreait.Ex05_for
java_class_path (initial): C:\study\3. Java\javaStudy\bin
Launcher Type: SUN_STANDARD

[Global flags]
     intx CICompilerCount                          = 12                                        {product} {ergonomic}
     uint ConcGCThreads                            = 3                                         {product} {ergonomic}
     uint G1ConcRefinementThreads                  = 13                                        {product} {ergonomic}
   size_t G1HeapRegionSize                         = 2097152                                   {product} {ergonomic}
    uintx GCDrainStackTargetSize                   = 64                                        {product} {ergonomic}
   size_t InitialHeapSize                          = 266338304                                 {product} {ergonomic}
   size_t MarkStackSize                            = 4194304                                   {product} {ergonomic}
   size_t MaxHeapSize                              = 4246732800                                {product} {ergonomic}
   size_t MinHeapDeltaBytes                        = 2097152                                   {product} {ergonomic}
   size_t MinHeapSize                              = 8388608                                   {product} {ergonomic}
    uintx NonNMethodCodeHeapSize                   = 7602480                                {pd product} {ergonomic}
    uintx NonProfiledCodeHeapSize                  = 122027880                              {pd product} {ergonomic}
    uintx ProfiledCodeHeapSize                     = 122027880                              {pd product} {ergonomic}
    uintx ReservedCodeCacheSize                    = 251658240                              {pd product} {ergonomic}
     bool SegmentedCodeCache                       = true                                      {product} {ergonomic}
     bool ShowCodeDetailsInExceptionMessages       = true                                   {manageable} {command line}
   size_t SoftMaxHeapSize                          = 4246732800                             {manageable} {ergonomic}
     bool UseCompressedOops                        = true                           {product lp64_product} {ergonomic}
     bool UseG1GC                                  = true                                      {product} {ergonomic}
     bool UseLargePagesIndividualAllocation        = false                                  {pd product} {ergonomic}

Logging:
Log output configuration:
 #0: stdout all=warning uptime,level,tags foldmultilines=false
 #1: stderr all=off uptime,level,tags foldmultilines=false

Environment Variables:
PATH=C:/Program Files/Java/jdk-21/bin/server;C:/Program Files/Java/jdk-21/bin;C:\Program Files\Common Files\Oracle\Java\javapath;C:\Program Files (x86)\VMware\VMware Workstation\bin\;C:\WINDOWS\system32;C:\WINDOWS;C:\WINDOWS\System32\Wbem;C:\WINDOWS\System32\WindowsPowerShell\v1.0\;C:\WINDOWS\System32\OpenSSH\;C:\Program Files\Bandizip\;C:\Program Files\Git\cmd;C:\Program Files\MySQL\MySQL Server 8.0\bin;C:\Users\adminn\AppData\Local\Microsoft\WindowsApps;C:\Users\adminn\AppData\Local\Programs\Microsoft VS Code\bin;C:\Users\adminn\Desktop;
USERNAME=adminn
OS=Windows_NT
PROCESSOR_IDENTIFIER=Intel64 Family 6 Model 167 Stepping 1, GenuineIntel
TMP=C:\Users\adminn\AppData\Local\Temp
TEMP=C:\Users\adminn\AppData\Local\Temp




Periodic native trim disabled

---------------  S Y S T E M  ---------------

OS:
 Windows 11 , 64 bit Build 26100 (10.0.26100.7623)
OS uptime: 1 days 1:01 hours

CPU: total 16 (initial active 16) (8 cores per cpu, 2 threads per core) family 6 model 167 stepping 1 microcode 0x40, cx8, cmov, fxsr, ht, mmx, 3dnowpref, sse, sse2, sse3, ssse3, sse4.1, sse4.2, popcnt, lzcnt, tsc, tscinvbit, avx, avx2, aes, erms, clmul, bmi1, bmi2, adx, avx512f, avx512dq, avx512cd, avx512bw, avx512vl, sha, fma, vzeroupper, avx512_vpopcntdq, avx512_vpclmulqdq, avx512_vaes, avx512_vnni, clflush, clflushopt, avx512_vbmi2, avx512_vbmi, rdtscp, rdpid, fsrm, gfni, avx512_bitalg, f16c, pku, avx512_ifma
Processor Information for all 16 processors :
  Max Mhz: 2496, Current Mhz: 2496, Mhz Limit: 2496

Memory: 4k page, system-wide physical 16193M (1605M free)
TotalPageFile size 65345M (AvailPageFile size 30M)
current process WorkingSet (physical memory assigned to process): 12M, peak: 12M
current process commit charge ("private bytes"): 71M, peak: 324M

vm_info: Java HotSpot(TM) 64-Bit Server VM (21.0.9+7-LTS-338) for windows-amd64 JRE (21.0.9+7-LTS-338), built on 2025-09-26T06:33:49Z by "mach5run" with MS VC++ 17.6 (VS2022)

END.
